   Compiling tracing v0.1.44
   Compiling futures-executor v0.3.32
   Compiling serde v1.0.228
   Compiling tokio-util v0.7.18
   Compiling aws-lc-rs v1.17.0
   Compiling aws-lc-sys v0.41.0
   Compiling indexmap v1.9.3
   Compiling axum-core v0.4.5
   Compiling rustls v0.23.40
   Compiling futures v0.3.32
   Compiling edge-domain-command v0.1.0 (https://github.com/sweengineeringlabs/edge-domain.git?tag=v0.8.30#25b8652a)
   Compiling edge-domain-event v0.1.0 (https://github.com/sweengineeringlabs/edge-domain.git?tag=v0.8.30#25b8652a)
   Compiling pin-project v1.1.13
   Compiling windows-sys v0.52.0
   Compiling h2 v0.4.14
   Compiling serde_spanned v0.6.9
   Compiling toml_datetime v0.6.11
   Compiling rand v0.8.6
   Compiling toml_edit v0.22.27
   Compiling regex v1.12.3
   Compiling dirs v5.0.1
   Compiling tower v0.5.3
   Compiling schannel v0.1.29
   Compiling async-stream-impl v0.3.6
   Compiling matchit v0.7.3
   Compiling percent-encoding v2.3.2
   Compiling axum v0.7.9
   Compiling rustls-native-certs v0.8.4
   Compiling async-stream v0.3.6
   Compiling rustls-webpki v0.103.13
   Compiling toml v0.8.23
   Compiling hyper v1.10.1
   Compiling swe-edge-configbuilder v0.3.0 (https://github.com/sweengineeringlabs/edge-configbuilder.git?tag=v0.3.0#e5f50d63)
   Compiling hyper-util v0.1.20
   Compiling edge-domain-handler v0.1.1 (https://github.com/sweengineeringlabs/edge-domain.git?tag=v0.8.30#25b8652a)
   Compiling tokio-rustls v0.26.4
   Compiling tower v0.4.13
   Compiling socket2 v0.5.10
   Compiling hyper-timeout v0.5.2
   Compiling edge-domain-saga v0.1.0 (https://github.com/sweengineeringlabs/edge-domain.git?tag=v0.8.30#25b8652a)
   Compiling edge-domain-projection v0.1.0 (https://github.com/sweengineeringlabs/edge-domain.git?tag=v0.8.30#25b8652a)
   Compiling edge-domain-service v0.1.0 (https://github.com/sweengineeringlabs/edge-domain.git?tag=v0.8.30#25b8652a)
   Compiling edge-domain-query v0.1.0 (https://github.com/sweengineeringlabs/edge-domain.git?tag=v0.8.30#25b8652a)
   Compiling edge-domain-repository v0.1.0 (https://github.com/sweengineeringlabs/edge-domain.git?tag=v0.8.30#25b8652a)
   Compiling edge-domain-snapshot v0.1.0 (https://github.com/sweengineeringlabs/edge-domain.git?tag=v0.8.30#25b8652a)
   Compiling webpki-roots v1.0.7
   Compiling tokio-stream v0.1.18
   Compiling edge-domain-validator v0.1.0 (https://github.com/sweengineeringlabs/edge-domain.git?tag=v0.8.30#25b8652a)
   Compiling edge-domain-policy v0.1.0 (https://github.com/sweengineeringlabs/edge-domain.git?tag=v0.8.30#25b8652a)
   Compiling edge-domain-clock v0.1.0 (https://github.com/sweengineeringlabs/edge-domain.git?tag=v0.8.30#25b8652a)
   Compiling edge-domain-entity v0.1.0 (https://github.com/sweengineeringlabs/edge-domain.git?tag=v0.8.30#25b8652a)
   Compiling edge-domain-valueobject v0.1.0 (https://github.com/sweengineeringlabs/edge-domain.git?tag=v0.8.30#25b8652a)
   Compiling edge-domain v0.8.19 (https://github.com/sweengineeringlabs/edge-domain.git?tag=v0.8.30#25b8652a)
   Compiling tonic v0.12.3
   Compiling hyper-rustls v0.27.9
   Compiling swe-edge-loadbalancer v0.2.0 (https://github.com/sweengineeringlabs/edge-loadbalancer.git?tag=v0.2.0#167c74b2)
   Compiling time-macros v0.2.27
   Compiling zmij v1.0.21
   Compiling deranged v0.5.8
   Compiling num-integer v0.1.46
   Compiling ring v0.17.14
   Compiling serde_json v1.0.150
   Compiling num-bigint v0.4.6
   Compiling pem v3.0.6
   Compiling swe-edge-egress-grpc-transport v0.5.0 (C:\phd-systems\swelabs\edge\egress\grpc\scm\transport)
error[E0252]: the name `LoadbalancerConfig` is defined multiple times
  --> transport\main\src\saf\transport_svc.rs:24:69
   |
 6 | use swe_edge_loadbalancer::LoadbalancerConfig;
   |     ----------------------------------------- previous import of the type `LoadbalancerConfig` here
...
24 | pub use swe_edge_loadbalancer::{BackendConfig, BackendPoolInstance, LoadbalancerConfig, Strategy};
   |                                                                     ^^^^^^^^^^^^^^^^^^--
   |                                                                     |
   |                                                                     `LoadbalancerConfig` reimported here
   |                                                                     help: remove unnecessary import
   |
   = note: `LoadbalancerConfig` must be defined only once in the type namespace of this module

error[E0603]: module `traits` is private
 --> transport\main\src\core\resilience\resilience_validator.rs:3:17
  |
3 | use crate::api::traits::Validator;
  |                 ^^^^^^  --------- trait `Validator` is not publicly re-exported
  |                 |
  |                 private module
  |
note: the module `traits` is defined here
 --> transport\main\src\api\mod.rs:5:1
  |
5 | mod traits;
  | ^^^^^^^^^^^

error[E0603]: module `types` is private
 --> transport\main\src\core\resilience\resilience_validator.rs:4:17
  |
4 | use crate::api::types::ResilienceConfig;
  |                 ^^^^^ private module
  |
note: the module `types` is defined here
 --> transport\main\src\api\mod.rs:6:1
  |
6 | mod types;
  | ^^^^^^^^^^

error[E0603]: module `types` is private
 --> transport\main\src\core\status\conversions.rs:7:17
  |
7 | use crate::api::types::GrpcStatusCode;
  |                 ^^^^^  -------------- enum `GrpcStatusCode` is not publicly re-exported
  |                 |
  |                 private module
  |
note: the module `types` is defined here
 --> transport\main\src\api\mod.rs:6:1
  |
6 | mod types;
  | ^^^^^^^^^^

error[E0603]: module `error` is private
 --> transport\main\src\saf\transport_svc.rs:8:17
  |
8 | use crate::api::error::{GrpcChannelConfigError, GrpcEgressError};
  |                 ^^^^^   ---------------------- enum `GrpcChannelConfigError` is not publicly re-exported
  |                 |
  |                 private module
  |
note: the module `error` is defined here
 --> transport\main\src\api\mod.rs:4:1
  |
4 | mod error;
  | ^^^^^^^^^^

error[E0603]: module `error` is private
 --> transport\main\src\saf\transport_svc.rs:8:17
  |
8 | use crate::api::error::{GrpcChannelConfigError, GrpcEgressError};
  |                 ^^^^^ private module            --------------- enum `GrpcEgressError` is not publicly re-exported
  |
note: the module `error` is defined here
 --> transport\main\src\api\mod.rs:4:1
  |
4 | mod error;
  | ^^^^^^^^^^

error[E0603]: module `traits` is private
 --> transport\main\src\saf\transport_svc.rs:9:17
  |
9 | use crate::api::traits::GrpcEgress;
  |                 ^^^^^^  ---------- trait `GrpcEgress` is not publicly re-exported
  |                 |
  |                 private module
  |
note: the module `traits` is defined here
 --> transport\main\src\api\mod.rs:5:1
  |
5 | mod traits;
  | ^^^^^^^^^^^

error[E0603]: module `traits` is private
  --> transport\main\src\saf\transport_svc.rs:10:17
   |
10 | use crate::api::traits::Validator;
   |                 ^^^^^^  --------- trait `Validator` is not publicly re-exported
   |                 |
   |                 private module
   |
note: the module `traits` is defined here
  --> transport\main\src\api\mod.rs:5:1
   |
 5 | mod traits;
   | ^^^^^^^^^^^

error[E0603]: module `types` is private
  --> transport\main\src\saf\transport_svc.rs:11:17
   |
11 | use crate::api::types::TransportSvc;
   |                 ^^^^^ private module
   |
note: the module `types` is defined here
  --> transport\main\src\api\mod.rs:6:1
   |
 6 | mod types;
   | ^^^^^^^^^^

error[E0603]: module `types` is private
  --> transport\main\src\saf\transport_svc.rs:12:17
   |
12 | use crate::api::types::{GrpcChannelConfig, ResilienceConfig, DEFAULT_REQUEST_TIMEOUT_SECS};
   |                 ^^^^^ private module
   |
note: the module `types` is defined here
  --> transport\main\src\api\mod.rs:6:1
   |
 6 | mod types;
   | ^^^^^^^^^^

error[E0603]: module `traits` is private
  --> transport\main\src\saf\transport_svc.rs:16:21
   |
16 | pub use crate::api::traits::resilience::resilience_validator::ResilienceValidator;
   |                     ^^^^^^ private module                     ------------------- trait `ResilienceValidator` is not publicly re-exported
   |
note: the module `traits` is defined here
  --> transport\main\src\api\mod.rs:5:1
   |
 5 | mod traits;
   | ^^^^^^^^^^^

error[E0603]: module `traits` is private
  --> transport\main\src\saf\transport_svc.rs:17:21
   |
17 | pub use crate::api::traits::resilience::resilient_grpc_client_port::ResilientGrpcClientPort;
   |                     ^^^^^^ private module                           ----------------------- trait `ResilientGrpcClientPort` is not publicly re-exported
   |
note: the module `traits` is defined here
  --> transport\main\src\api\mod.rs:5:1
   |
 5 | mod traits;
   | ^^^^^^^^^^^

error[E0603]: module `types` is private
  --> transport\main\src\saf\transport_svc.rs:18:21
   |
18 | pub use crate::api::types::client::grpc_client_builder::GrpcClientBuilder;
   |                     ^^^^^          ------------------- module `grpc_client_builder` is not publicly re-exported
   |                     |
   |                     private module
   |
note: the module `types` is defined here
  --> transport\main\src\api\mod.rs:6:1
   |
 6 | mod types;
   | ^^^^^^^^^^

error[E0603]: module `types` is private
  --> transport\main\src\saf\transport_svc.rs:19:21
   |
19 | pub use crate::api::types::status::conversions::Conversions;
   |                     ^^^^^          ----------- module `conversions` is not publicly re-exported
   |                     |
   |                     private module
   |
note: the module `types` is defined here
  --> transport\main\src\api\mod.rs:6:1
   |
 6 | mod types;
   | ^^^^^^^^^^

error[E0603]: module `types` is private
  --> transport\main\src\saf\transport_svc.rs:20:21
   |
20 | pub use crate::api::types::ApplicationConfigBuilder;
   |                     ^^^^^ private module
   |
note: the module `types` is defined here
  --> transport\main\src\api\mod.rs:6:1
   |
 6 | mod types;
   | ^^^^^^^^^^

error[E0603]: module `types` is private
  --> transport\main\src\saf\transport_svc.rs:21:21
   |
21 | pub use crate::api::types::TransportSvc as PublicTransportSvc;
   |                     ^^^^^ private module
   |
note: the module `types` is defined here
  --> transport\main\src\api\mod.rs:6:1
   |
 6 | mod types;
   | ^^^^^^^^^^

error[E0603]: module `error` is private
  --> transport\main\src\saf\transport_svc.rs:26:21
   |
26 | pub use crate::api::error::{GrpcChannelConfigError as PublicGrpcChannelConfigError, GrpcEgressError as PublicGrpcEgressError};
   |                     ^^^^^   ---------------------- enum `GrpcChannelConfigError` is not publicly re-exported
   |                     |
   |                     private module
   |
note: the module `error` is defined here
  --> transport\main\src\api\mod.rs:4:1
   |
 4 | mod error;
   | ^^^^^^^^^^

error[E0603]: module `error` is private
  --> transport\main\src\saf\transport_svc.rs:26:21
   |
26 | pub use crate::api::error::{GrpcChannelConfigError as PublicGrpcChannelConfigError, GrpcEgressError as PublicGrpcEgressError};
   |                     ^^^^^ private module                                            --------------- enum `GrpcEgressError` is not publicly re-exported
   |
note: the module `error` is defined here
  --> transport\main\src\api\mod.rs:4:1
   |
 4 | mod error;
   | ^^^^^^^^^^

error[E0603]: module `traits` is private
  --> transport\main\src\saf\transport_svc.rs:27:21
   |
27 | pub use crate::api::traits::interceptor::grpc_egress_interceptor::GrpcEgressInterceptor;
   |                     ^^^^^^ private module                         --------------------- trait `GrpcEgressInterceptor` is not publicly re-exported
   |
note: the module `traits` is defined here
  --> transport\main\src\api\mod.rs:5:1
   |
 5 | mod traits;
   | ^^^^^^^^^^^

error[E0603]: module `traits` is private
  --> transport\main\src\saf\transport_svc.rs:28:21
   |
28 | pub use crate::api::traits::GrpcEgress as PublicGrpcEgress;
   |                     ^^^^^^  ---------- trait `GrpcEgress` is not publicly re-exported
   |                     |
   |                     private module
   |
note: the module `traits` is defined here
  --> transport\main\src\api\mod.rs:5:1
   |
 5 | mod traits;
   | ^^^^^^^^^^^

error[E0603]: module `types` is private
  --> transport\main\src\saf\transport_svc.rs:29:21
   |
29 | pub use crate::api::types::grpc::grpc_channel_config_builder::GrpcChannelConfigBuilder;
   |                     ^^^^^        --------------------------- module `grpc_channel_config_builder` is not publicly re-exported
   |                     |
   |                     private module
   |
note: the module `types` is defined here
  --> transport\main\src\api\mod.rs:6:1
   |
 6 | mod types;
   | ^^^^^^^^^^

error[E0603]: module `types` is private
  --> transport\main\src\saf\transport_svc.rs:30:21
   |
30 | pub use crate::api::types::grpc::grpc_request_builder::GrpcRequestBuilder;
   |                     ^^^^^        -------------------- module `grpc_request_builder` is not publicly re-exported
   |                     |
   |                     private module
   |
note: the module `types` is defined here
  --> transport\main\src\api\mod.rs:6:1
   |
 6 | mod types;
   | ^^^^^^^^^^

error[E0603]: module `types` is private
  --> transport\main\src\saf\transport_svc.rs:31:21
   |
31 | pub use crate::api::types::interceptor::{
   |                     ^^^^^  ----------- module `interceptor` is not publicly re-exported
   |                     |
   |                     private module
   |
note: the module `types` is defined here
  --> transport\main\src\api\mod.rs:6:1
   |
 6 | mod types;
   | ^^^^^^^^^^

error[E0603]: module `types` is private
  --> transport\main\src\saf\transport_svc.rs:31:21
   |
31 | pub use crate::api::types::interceptor::{
   |                     ^^^^^ private module
32 |     GrpcEgressInterceptorChain, TraceContextInterceptor, TraceContextSource,
   |                                                          ------------------ enum `TraceContextSource` is not publicly re-exported
   |
note: the module `types` is defined here
  --> transport\main\src\api\mod.rs:6:1
   |
 6 | mod types;
   | ^^^^^^^^^^

error[E0603]: module `types` is private
  --> transport\main\src\saf\transport_svc.rs:34:21
   |
34 | pub use crate::api::types::{
   |                     ^^^^^ private module
35 |     CompressionMode, GrpcChannelConfig as PublicGrpcChannelConfig, GrpcMetadata, GrpcRequest, GrpcResponse, GrpcStatusCode,
   |     --------------- enum `CompressionMode` is not publicly re-exported
   |
note: the module `types` is defined here
  --> transport\main\src\api\mod.rs:6:1
   |
 6 | mod types;
   | ^^^^^^^^^^

error[E0603]: module `types` is private
  --> transport\main\src\saf\transport_svc.rs:34:21
   |
34 | pub use crate::api::types::{
   |                     ^^^^^ private module
   |
note: the module `types` is defined here
  --> transport\main\src\api\mod.rs:6:1
   |
 6 | mod types;
   | ^^^^^^^^^^

error[E0603]: module `types` is private
  --> transport\main\src\saf\transport_svc.rs:34:21
   |
34 | pub use crate::api::types::{
   |                     ^^^^^ private module
35 |     CompressionMode, GrpcChannelConfig as PublicGrpcChannelConfig, GrpcMetadata, GrpcRequest, GrpcResponse, GrpcStatusCode,
   |                                                                                                             -------------- enum `GrpcStatusCode` is not publicly re-exported
   |
note: the module `types` is defined here
  --> transport\main\src\api\mod.rs:6:1
   |
 6 | mod types;
   | ^^^^^^^^^^

error[E0603]: module `types` is private
  --> transport\main\src\saf\transport_svc.rs:39:21
   |
39 | pub use crate::api::types::{GrpcEgressResult, GrpcMessageStream};
   |                     ^^^^^ private module
   |
note: the module `types` is defined here
  --> transport\main\src\api\mod.rs:6:1
   |
 6 | mod types;
   | ^^^^^^^^^^

error[E0603]: module `types` is private
 --> transport\main\src\spi\client\tonic\tonic_grpc_client.rs:9:17
  |
9 | use crate::api::types::interceptor::GrpcEgressInterceptorChain;
  |                 ^^^^^  ----------- module `interceptor` is not publicly re-exported
  |                 |
  |                 private module
  |
note: the module `types` is defined here
 --> transport\main\src\api\mod.rs:6:1
  |
6 | mod types;
  | ^^^^^^^^^^

error[E0603]: module `types` is private
  --> transport\main\src\spi\client\tonic\tonic_grpc_client.rs:10:17
   |
10 | use crate::api::types::{CompressionMode, DEFAULT_MAX_MESSAGE_BYTES};
   |                 ^^^^^   --------------- enum `CompressionMode` is not publicly re-exported
   |                 |
   |                 private module
   |
note: the module `types` is defined here
  --> transport\main\src\api\mod.rs:6:1
   |
 6 | mod types;
   | ^^^^^^^^^^

error[E0603]: module `types` is private
  --> transport\main\src\spi\client\tonic\tonic_grpc_client.rs:10:17
   |
10 | use crate::api::types::{CompressionMode, DEFAULT_MAX_MESSAGE_BYTES};
   |                 ^^^^^ private module
   |
note: the module `types` is defined here
  --> transport\main\src\api\mod.rs:6:1
   |
 6 | mod types;
   | ^^^^^^^^^^

error[E0603]: module `types` is private
  --> transport\main\src\spi\client\tonic\tonic_grpc_client_builder.rs:10:17
   |
10 | use crate::api::types::interceptor::GrpcEgressInterceptorChain;
   |                 ^^^^^  ----------- module `interceptor` is not publicly re-exported
   |                 |
   |                 private module
   |
note: the module `types` is defined here
  --> transport\main\src\api\mod.rs:6:1
   |
 6 | mod types;
   | ^^^^^^^^^^

error[E0603]: module `types` is private
  --> transport\main\src\spi\client\tonic\tonic_grpc_client_builder.rs:11:17
   |
11 | use crate::api::types::{CompressionMode, DEFAULT_MAX_MESSAGE_BYTES};
   |                 ^^^^^   --------------- enum `CompressionMode` is not publicly re-exported
   |                 |
   |                 private module
   |
note: the module `types` is defined here
  --> transport\main\src\api\mod.rs:6:1
   |
 6 | mod types;
   | ^^^^^^^^^^

error[E0603]: module `types` is private
  --> transport\main\src\spi\client\tonic\tonic_grpc_client_builder.rs:11:17
   |
11 | use crate::api::types::{CompressionMode, DEFAULT_MAX_MESSAGE_BYTES};
   |                 ^^^^^ private module
   |
note: the module `types` is defined here
  --> transport\main\src\api\mod.rs:6:1
   |
 6 | mod types;
   | ^^^^^^^^^^

error[E0603]: module `types` is private
 --> transport\main\src\spi\client\tonic\tonic_grpc_client_core_builder.rs:6:17
  |
6 | use crate::api::types::interceptor::GrpcEgressInterceptorChain;
  |                 ^^^^^  ----------- module `interceptor` is not publicly re-exported
  |                 |
  |                 private module
  |
note: the module `types` is defined here
 --> transport\main\src\api\mod.rs:6:1
  |
6 | mod types;
  | ^^^^^^^^^^

error[E0603]: module `types` is private
 --> transport\main\src\spi\client\tonic\tonic_grpc_client_core_builder.rs:7:17
  |
7 | use crate::api::types::{CompressionMode, DEFAULT_MAX_MESSAGE_BYTES};
  |                 ^^^^^   --------------- enum `CompressionMode` is not publicly re-exported
  |                 |
  |                 private module
  |
note: the module `types` is defined here
 --> transport\main\src\api\mod.rs:6:1
  |
6 | mod types;
  | ^^^^^^^^^^

error[E0603]: module `types` is private
 --> transport\main\src\spi\client\tonic\tonic_grpc_client_core_builder.rs:7:17
  |
7 | use crate::api::types::{CompressionMode, DEFAULT_MAX_MESSAGE_BYTES};
  |                 ^^^^^ private module
  |
note: the module `types` is defined here
 --> transport\main\src\api\mod.rs:6:1
  |
6 | mod types;
  | ^^^^^^^^^^

error[E0603]: module `error` is private
  --> transport\main\src\spi\client\tonic\tonic_grpc_client_impl.rs:19:17
   |
19 | use crate::api::error::{GrpcChannelConfigError, GrpcEgressError};
   |                 ^^^^^   ---------------------- enum `GrpcChannelConfigError` is not publicly re-exported
   |                 |
   |                 private module
   |
note: the module `error` is defined here
  --> transport\main\src\api\mod.rs:4:1
   |
 4 | mod error;
   | ^^^^^^^^^^

error[E0603]: module `error` is private
  --> transport\main\src\spi\client\tonic\tonic_grpc_client_impl.rs:19:17
   |
19 | use crate::api::error::{GrpcChannelConfigError, GrpcEgressError};
   |                 ^^^^^ private module            --------------- enum `GrpcEgressError` is not publicly re-exported
   |
note: the module `error` is defined here
  --> transport\main\src\api\mod.rs:4:1
   |
 4 | mod error;
   | ^^^^^^^^^^

error[E0603]: module `traits` is private
  --> transport\main\src\spi\client\tonic\tonic_grpc_client_impl.rs:20:17
   |
20 | use crate::api::traits::GrpcEgress;
   |                 ^^^^^^  ---------- trait `GrpcEgress` is not publicly re-exported
   |                 |
   |                 private module
   |
note: the module `traits` is defined here
  --> transport\main\src\api\mod.rs:5:1
   |
 5 | mod traits;
   | ^^^^^^^^^^^

error[E0603]: module `types` is private
  --> transport\main\src\spi\client\tonic\tonic_grpc_client_impl.rs:21:17
   |
21 | use crate::api::types::interceptor::GrpcEgressInterceptorChain;
   |                 ^^^^^  ----------- module `interceptor` is not publicly re-exported
   |                 |
   |                 private module
   |
note: the module `types` is defined here
  --> transport\main\src\api\mod.rs:6:1
   |
 6 | mod types;
   | ^^^^^^^^^^

error[E0603]: module `types` is private
  --> transport\main\src\spi\client\tonic\tonic_grpc_client_impl.rs:22:17
   |
22 | use crate::api::types::{
   |                 ^^^^^ private module
23 |     CompressionMode, GrpcChannelConfig, GrpcMetadata, GrpcRequest, GrpcResponse, GrpcStatusCode,
   |     --------------- enum `CompressionMode` is not publicly re-exported
   |
note: the module `types` is defined here
  --> transport\main\src\api\mod.rs:6:1
   |
 6 | mod types;
   | ^^^^^^^^^^

error[E0603]: module `types` is private
  --> transport\main\src\spi\client\tonic\tonic_grpc_client_impl.rs:22:17
   |
22 | use crate::api::types::{
   |                 ^^^^^ private module
   |
note: the module `types` is defined here
  --> transport\main\src\api\mod.rs:6:1
   |
 6 | mod types;
   | ^^^^^^^^^^

error[E0603]: module `types` is private
  --> transport\main\src\spi\client\tonic\tonic_grpc_client_impl.rs:22:17
   |
22 | use crate::api::types::{
   |                 ^^^^^ private module
23 |     CompressionMode, GrpcChannelConfig, GrpcMetadata, GrpcRequest, GrpcResponse, GrpcStatusCode,
   |                                                                                  -------------- enum `GrpcStatusCode` is not publicly re-exported
   |
note: the module `types` is defined here
  --> transport\main\src\api\mod.rs:6:1
   |
 6 | mod types;
   | ^^^^^^^^^^

error[E0603]: module `types` is private
  --> transport\main\src\spi\client\tonic\tonic_grpc_client_impl.rs:26:17
   |
26 | use crate::api::types::{GrpcEgressResult, GrpcMessageStream};
   |                 ^^^^^ private module
   |
note: the module `types` is defined here
  --> transport\main\src\api\mod.rs:6:1
   |
 6 | mod types;
   | ^^^^^^^^^^

error[E0603]: module `types` is private
   --> transport\main\src\spi\client\tonic\tonic_grpc_client_impl.rs:247:25
    |
247 |         use crate::api::types::DEFAULT_REQUEST_TIMEOUT_SECS;
    |                         ^^^^^ private module
    |
note: the module `types` is defined here
   --> transport\main\src\api\mod.rs:6:1
    |
  6 | mod types;
    | ^^^^^^^^^^

error[E0603]: module `error` is private
  --> transport\main\src\spi\loadbalancer\tonic\lb_grpc_client.rs:18:17
   |
18 | use crate::api::error::GrpcEgressError;
   |                 ^^^^^  --------------- enum `GrpcEgressError` is not publicly re-exported
   |                 |
   |                 private module
   |
note: the module `error` is defined here
  --> transport\main\src\api\mod.rs:4:1
   |
 4 | mod error;
   | ^^^^^^^^^^

error[E0603]: module `traits` is private
  --> transport\main\src\spi\loadbalancer\tonic\lb_grpc_client.rs:19:17
   |
19 | use crate::api::traits::GrpcEgress;
   |                 ^^^^^^  ---------- trait `GrpcEgress` is not publicly re-exported
   |                 |
   |                 private module
   |
note: the module `traits` is defined here
  --> transport\main\src\api\mod.rs:5:1
   |
 5 | mod traits;
   | ^^^^^^^^^^^

error[E0603]: module `types` is private
  --> transport\main\src\spi\loadbalancer\tonic\lb_grpc_client.rs:20:17
   |
20 | use crate::api::types::{GrpcEgressResult, GrpcMetadata, GrpcRequest, GrpcResponse};
   |                 ^^^^^ private module
   |
note: the module `types` is defined here
  --> transport\main\src\api\mod.rs:6:1
   |
 6 | mod types;
   | ^^^^^^^^^^

error[E0603]: module `traits` is private
   --> transport\main\src\spi\client\tonic\tonic_grpc_client_impl.rs:324:18
    |
324 | impl crate::api::traits::processor::Processor for TonicGrpcClient {
    |                  ^^^^^^             --------- trait `Processor` is not publicly re-exported
    |                  |
    |                  private module
    |
note: the module `traits` is defined here
   --> transport\main\src\api\mod.rs:5:1
    |
  5 | mod traits;
    | ^^^^^^^^^^^

warning: unused import: `Processor`
 --> transport\main\src\api\traits\mod.rs:5:18
  |
5 | pub use traits::{Processor, Validator};
  |                  ^^^^^^^^^
  |
  = note: `#[warn(unused_imports)]` (part of `#[warn(unused)]`) on by default

warning: unused import: `LoadbalancerConfig`
  --> transport\main\src\saf\transport_svc.rs:24:69
   |
24 | pub use swe_edge_loadbalancer::{BackendConfig, BackendPoolInstance, LoadbalancerConfig, Strategy};
   |                                                                     ^^^^^^^^^^^^^^^^^^

Some errors have detailed explanations: E0252, E0603.
For more information about an error, try `rustc --explain E0252`.
warning: `swe-edge-egress-grpc-transport` (lib) generated 2 warnings
error: could not compile `swe-edge-egress-grpc-transport` (lib) due to 50 previous errors; 2 warnings emitted
warning: build failed, waiting for other jobs to finish...
