    Blocking waiting for file lock on artifact directory
warning: unused import: `Processor`
 --> transport\main\src\api\traits\mod.rs:5:18
  |
5 | pub use traits::{Processor, Validator};
  |                  ^^^^^^^^^
  |
  = note: `#[warn(unused_imports)]` (part of `#[warn(unused)]`) on by default

warning: trait `Processor` is never used
  --> transport\main\src\api\traits\processor\processor.rs:10:11
   |
10 | pub trait Processor: Send + Sync {
   |           ^^^^^^^^^
   |
   = note: `#[warn(dead_code)]` (part of `#[warn(unused)]`) on by default

warning: methods `with_timeout` and `timeout` are never used
  --> transport\main\src\spi\loadbalancer\tonic\lb_grpc_client.rs:80:12
   |
39 | impl TonicLbGrpcClient {
   | ---------------------- methods in this implementation
...
80 |     pub fn with_timeout(mut self, timeout: Duration) -> Self {
   |            ^^^^^^^^^^^^
...
86 |     pub fn timeout(&self) -> Duration {
   |            ^^^^^^^

warning: `swe-edge-egress-grpc-transport` (lib) generated 3 warnings (run `cargo fix --lib -p swe-edge-egress-grpc-transport` to apply 1 suggestion)
warning: unused import: `grpc_retry_client::GrpcRetryClient`
  --> retry\main\src\api\types\mod.rs:13:9
   |
13 | pub use grpc_retry_client::GrpcRetryClient;
   |         ^^^^^^^^^^^^^^^^^^^^^^^^^^^^^^^^^^
   |
   = note: `#[warn(unused_imports)]` (part of `#[warn(unused)]`) on by default

warning: unused import: `grpc_retry_config::GrpcRetryConfig`
  --> retry\main\src\api\types\mod.rs:14:9
   |
14 | pub use grpc_retry_config::GrpcRetryConfig;
   |         ^^^^^^^^^^^^^^^^^^^^^^^^^^^^^^^^^^

warning: unused import: `grpc_retry_svc::GrpcRetrySvc`
  --> retry\main\src\api\types\mod.rs:16:9
   |
16 | pub use grpc_retry_svc::GrpcRetrySvc;
   |         ^^^^^^^^^^^^^^^^^^^^^^^^^^^^

warning: trait `Validator` is never used
  --> retry\main\src\api\traits\validator.rs:10:11
   |
10 | pub trait Validator {
   |           ^^^^^^^^^
   |
   = note: `#[warn(dead_code)]` (part of `#[warn(unused)]`) on by default

warning: unused import: `validator::Validator`
 --> breaker\main\src\api\traits\mod.rs:9:9
  |
9 | pub use validator::Validator;
  |         ^^^^^^^^^^^^^^^^^^^^
  |
  = note: `#[warn(unused_imports)]` (part of `#[warn(unused)]`) on by default

warning: unused import: `grpc_breaker_config::GrpcBreakerConfig`
  --> breaker\main\src\api\types\mod.rs:14:9
   |
14 | pub use grpc_breaker_config::GrpcBreakerConfig;
   |         ^^^^^^^^^^^^^^^^^^^^^^^^^^^^^^^^^^^^^^

warning: unused import: `grpc_breaker_svc::GrpcBreakerSvc`
  --> breaker\main\src\api\types\mod.rs:15:9
   |
15 | pub use grpc_breaker_svc::GrpcBreakerSvc;
   |         ^^^^^^^^^^^^^^^^^^^^^^^^^^^^^^^^

warning: trait `Validator` is never used
 --> breaker\main\src\api\traits\validator.rs:7:11
  |
7 | pub trait Validator: Send + Sync {
  |           ^^^^^^^^^
  |
  = note: `#[warn(dead_code)]` (part of `#[warn(unused)]`) on by default

warning: `swe-edge-egress-grpc-retry` (lib) generated 4 warnings (run `cargo fix --lib -p swe-edge-egress-grpc-retry` to apply 3 suggestions)
warning: `swe-edge-egress-grpc-breaker` (lib) generated 4 warnings (run `cargo fix --lib -p swe-edge-egress-grpc-breaker` to apply 3 suggestions)
warning: unused import: `resilient_transport_error::ResilientTransportError`
 --> resilient\main\src\api\error\mod.rs:4:9
  |
4 | pub use resilient_transport_error::ResilientTransportError;
  |         ^^^^^^^^^^^^^^^^^^^^^^^^^^^^^^^^^^^^^^^^^^^^^^^^^^
  |
  = note: `#[warn(unused_imports)]` (part of `#[warn(unused)]`) on by default

warning: unused import: `error::*`
 --> resilient\main\src\api\mod.rs:4:9
  |
4 | pub use error::*;
  |         ^^^^^^^^

warning: unused import: `processor::Processor`
  --> resilient\main\src\api\traits\mod.rs:12:9
   |
12 | pub use processor::Processor;
   |         ^^^^^^^^^^^^^^^^^^^^

warning: unused import: `validator::Validator`
  --> resilient\main\src\api\traits\mod.rs:13:9
   |
13 | pub use validator::Validator;
   |         ^^^^^^^^^^^^^^^^^^^^

warning: unused import: `grpc_resilient_svc::GrpcResilientSvc`
 --> resilient\main\src\api\types\mod.rs:4:9
  |
4 | pub use grpc_resilient_svc::GrpcResilientSvc;
  |         ^^^^^^^^^^^^^^^^^^^^^^^^^^^^^^^^^^^^

warning: trait `Processor` is never used
  --> resilient\main\src\api\traits\processor.rs:10:11
   |
10 | pub trait Processor: Send + Sync {
   |           ^^^^^^^^^
   |
   = note: `#[warn(dead_code)]` (part of `#[warn(unused)]`) on by default

warning: trait `Validator` is never used
 --> resilient\main\src\api\traits\validator.rs:4:11
  |
4 | pub trait Validator: Send + Sync {
  |           ^^^^^^^^^

warning: `swe-edge-egress-grpc-resilient` (lib) generated 7 warnings (run `cargo fix --lib -p swe-edge-egress-grpc-resilient` to apply 5 suggestions)
warning: unused import: `grpc_auth_bearer_svc::GrpcAuthBearerSvc`
  --> auth-bearer\main\src\api\types\mod.rs:18:9
   |
18 | pub use grpc_auth_bearer_svc::GrpcAuthBearerSvc;
   |         ^^^^^^^^^^^^^^^^^^^^^^^^^^^^^^^^^^^^^^^
   |
   = note: `#[warn(unused_imports)]` (part of `#[warn(unused)]`) on by default

warning: `swe-edge-egress-grpc-auth-bearer` (lib) generated 1 warning (run `cargo fix --lib -p swe-edge-egress-grpc-auth-bearer` to apply 1 suggestion)
    Finished `dev` profile [unoptimized + debuginfo] target(s) in 12.50s
